-------------------------------------------------------------------------------
Test set: ciclo3.ciclo3.Ciclo3ApplicationTests
-------------------------------------------------------------------------------
Tests run: 1, Failures: 0, Errors: 1, Skipped: 0, Time elapsed: 4.107 s <<< FAILURE! - in ciclo3.ciclo3.Ciclo3ApplicationTests
contextLoads  Time elapsed: 0.001 s  <<< ERROR!
java.lang.IllegalStateException: Failed to load ApplicationContext
Caused by: org.springframework.beans.factory.BeanCreationException: Error creating bean with name 'entityManagerFactory' defined in class path resource [org/springframework/boot/autoconfigure/orm/jpa/HibernateJpaConfiguration.class]: Invocation of init method failed; nested exception is org.hibernate.AnnotationException: mappedBy reference an unknown target entity property: ciclo3.Modelo.Message.client in ciclo3.Modelo.Client.messages
Caused by: org.hibernate.AnnotationException: mappedBy reference an unknown target entity property: ciclo3.Modelo.Message.client in ciclo3.Modelo.Client.messages

